0 info it worked if it ends with ok
1 verbose cli [ '/usr/local/bin/node',
1 verbose cli   '/usr/local/bin/npm',
1 verbose cli   'version',
1 verbose cli   'minor' ]
2 info using npm@2.5.1
3 info using node@v1.3.0
4 verbose node symlink /usr/local/bin/node
5 info git [ 'status', '--porcelain' ]
6 verbose stack Error: Git working directory not clean.
6 verbose stack M errors/cast.js
6 verbose stack M lib/schematic.js
6 verbose stack M types/array.js
6 verbose stack M types/date.js
6 verbose stack M types/document.js
6 verbose stack M types/model.js
6 verbose stack     at /usr/local/lib/node_modules/npm/lib/version.js:138:37
6 verbose stack     at ChildProcess.exithandler (child_process.js:707:7)
6 verbose stack     at emitTwo (events.js:87:13)
6 verbose stack     at ChildProcess.emit (events.js:169:7)
6 verbose stack     at maybeClose (child_process.js:984:16)
6 verbose stack     at Socket.<anonymous> (child_process.js:1153:11)
6 verbose stack     at emitOne (events.js:77:13)
6 verbose stack     at Socket.emit (events.js:166:7)
6 verbose stack     at Pipe.close (net.js:464:12)
7 verbose cwd /Users/christophertarquini/Development/schema
8 error Darwin 14.0.0
9 error argv "/usr/local/bin/node" "/usr/local/bin/npm" "version" "minor"
10 error node v1.3.0
11 error npm  v2.5.1
12 error Git working directory not clean.
12 error M errors/cast.js
12 error M lib/schematic.js
12 error M types/array.js
12 error M types/date.js
12 error M types/document.js
12 error M types/model.js
13 error If you need help, you may report this error at:
13 error     <http://github.com/npm/npm/issues>
14 verbose exit [ 1, true ]
